TN:
SF:src/config.ts
FN:8,loadConfig
FNF:1
FNH:1
FNDA:3,loadConfig
DA:8,1
DA:9,3
DA:11,3
DA:64,3
DA:65,3
DA:66,1
DA:70,2
DA:71,1
DA:74,1
LF:9
LH:9
BRDA:9,0,0,3
BRDA:9,0,1,2
BRDA:14,1,0,3
BRDA:14,1,1,2
BRDA:15,2,0,3
BRDA:15,2,1,3
BRDA:17,3,0,3
BRDA:17,3,1,3
BRDA:21,4,0,3
BRDA:21,4,1,0
BRDA:22,5,0,3
BRDA:22,5,1,3
BRDA:24,6,0,3
BRDA:24,6,1,3
BRDA:28,7,0,3
BRDA:28,7,1,0
BRDA:29,8,0,3
BRDA:29,8,1,1
BRDA:31,9,0,3
BRDA:31,9,1,3
BRDA:35,10,0,3
BRDA:35,10,1,0
BRDA:36,11,0,3
BRDA:36,11,1,3
BRDA:38,12,0,3
BRDA:38,12,1,3
BRDA:42,13,0,3
BRDA:42,13,1,0
BRDA:43,14,0,3
BRDA:43,14,1,3
BRDA:45,15,0,3
BRDA:45,15,1,3
BRDA:49,16,0,3
BRDA:49,16,1,0
BRDA:50,17,0,3
BRDA:50,17,1,3
BRDA:52,18,0,3
BRDA:52,18,1,3
BRDA:56,19,0,3
BRDA:56,19,1,0
BRDA:57,20,0,3
BRDA:57,20,1,3
BRDA:59,21,0,3
BRDA:59,21,1,3
BRDA:65,22,0,1
BRDA:70,23,0,1
BRDA:70,24,0,2
BRDA:70,24,1,1
BRF:48
BRH:42
end_of_record
TN:
SF:src/types.ts
FN:159,isValidChatCompletionArgs
FN:183,(anonymous_1)
FNF:2
FNH:0
FNDA:0,isValidChatCompletionArgs
FNDA:0,(anonymous_1)
DA:159,0
DA:160,0
DA:161,0
DA:164,0
DA:167,0
DA:168,0
DA:172,0
DA:173,0
DA:177,0
DA:178,0
DA:179,0
DA:182,0
DA:183,0
DA:184,0
DA:185,0
DA:187,0
DA:188,0
DA:194,0
DA:195,0
DA:199,0
DA:200,0
DA:203,0
DA:204,0
DA:207,0
DA:208,0
DA:211,0
DA:212,0
DA:215,0
DA:216,0
DA:219,0
DA:220,0
DA:223,0
LF:32
LH:0
BRDA:160,0,0,0
BRDA:160,1,0,0
BRDA:160,1,1,0
BRDA:167,2,0,0
BRDA:167,3,0,0
BRDA:167,3,1,0
BRDA:172,4,0,0
BRDA:172,5,0,0
BRDA:172,5,1,0
BRDA:177,6,0,0
BRDA:178,7,0,0
BRDA:184,8,0,0
BRDA:184,9,0,0
BRDA:184,9,1,0
BRDA:189,10,0,0
BRDA:189,10,1,0
BRDA:194,11,0,0
BRDA:199,12,0,0
BRDA:199,13,0,0
BRDA:199,13,1,0
BRDA:203,14,0,0
BRDA:203,15,0,0
BRDA:203,15,1,0
BRDA:203,15,2,0
BRDA:203,15,3,0
BRDA:207,16,0,0
BRDA:207,17,0,0
BRDA:207,17,1,0
BRDA:207,17,2,0
BRDA:211,18,0,0
BRDA:211,19,0,0
BRDA:211,19,1,0
BRDA:211,19,2,0
BRDA:211,19,3,0
BRDA:215,20,0,0
BRDA:215,21,0,0
BRDA:215,21,1,0
BRDA:215,21,2,0
BRDA:215,21,3,0
BRDA:219,22,0,0
BRDA:219,23,0,0
BRDA:219,23,1,0
BRDA:219,23,2,0
BRDA:219,23,3,0
BRF:44
BRH:0
end_of_record
TN:
SF:src/__tests__/mocks.ts
FN:6,(anonymous_0)
FN:120,(anonymous_1)
FNF:2
FNH:0
FNDA:0,(anonymous_0)
FNDA:0,(anonymous_1)
DA:1,0
DA:5,0
DA:6,0
DA:12,0
DA:23,0
DA:43,0
DA:63,0
DA:80,0
DA:100,0
DA:120,0
DA:121,0
DA:122,0
DA:123,0
LF:13
LH:0
BRF:0
BRH:0
end_of_record
TN:
SF:src/providers/azure-openai.ts
FN:9,(anonymous_1)
FN:29,(anonymous_2)
FN:54,(anonymous_3)
FNF:3
FNH:0
FNDA:0,(anonymous_1)
FNDA:0,(anonymous_2)
FNDA:0,(anonymous_3)
DA:1,1
DA:2,1
DA:5,1
DA:10,0
DA:11,0
DA:13,0
DA:14,0
DA:18,0
DA:20,0
DA:30,0
DA:33,0
DA:35,0
DA:36,0
DA:48,0
DA:50,0
DA:55,0
LF:16
LH:3
BRDA:13,0,0,0
BRDA:33,1,0,0
BRDA:33,1,1,0
BRDA:50,2,0,0
BRDA:50,2,1,0
BRDA:50,3,0,0
BRDA:50,3,1,0
BRF:7
BRH:0
end_of_record
TN:
SF:src/providers/base.ts
FN:7,(anonymous_0)
FN:15,(anonymous_1)
FN:21,(anonymous_2)
FNF:3
FNH:2
FNDA:2,(anonymous_0)
FNDA:2,(anonymous_1)
FNDA:0,(anonymous_2)
DA:3,1
DA:8,2
DA:9,2
DA:16,2
DA:17,0
DA:22,0
LF:6
LH:4
BRDA:16,0,0,0
BRF:1
BRH:0
end_of_record
TN:
SF:src/providers/claude.ts
FN:8,(anonymous_1)
FN:22,(anonymous_2)
FN:43,(anonymous_3)
FN:64,(anonymous_4)
FNF:4
FNH:0
FNDA:0,(anonymous_1)
FNDA:0,(anonymous_2)
FNDA:0,(anonymous_3)
FNDA:0,(anonymous_4)
DA:1,1
DA:2,1
DA:5,1
DA:9,0
DA:10,0
DA:12,0
DA:23,0
DA:26,0
DA:28,0
DA:29,0
DA:37,0
DA:39,0
DA:44,0
DA:46,0
DA:47,0
DA:49,0
DA:54,0
DA:61,0
DA:65,0
LF:19
LH:3
BRDA:13,0,0,0
BRDA:13,0,1,0
BRDA:39,1,0,0
BRDA:39,1,1,0
BRDA:39,2,0,0
BRDA:39,2,1,0
BRDA:47,3,0,0
BRDA:47,3,1,0
BRF:8
BRH:0
end_of_record
TN:
SF:src/providers/codestral.ts
FN:8,(anonymous_1)
FN:21,(anonymous_2)
FN:39,(anonymous_3)
FNF:3
FNH:0
FNDA:0,(anonymous_1)
FNDA:0,(anonymous_2)
FNDA:0,(anonymous_3)
DA:1,1
DA:2,1
DA:5,1
DA:9,0
DA:10,0
DA:12,0
DA:22,0
DA:24,0
DA:25,0
DA:33,0
DA:35,0
DA:40,0
LF:12
LH:3
BRDA:13,0,0,0
BRDA:13,0,1,0
BRDA:35,1,0,0
BRDA:35,1,1,0
BRDA:35,2,0,0
BRDA:35,2,1,0
BRF:6
BRH:0
end_of_record
TN:
SF:src/providers/deepseek.ts
FN:8,(anonymous_1)
FN:21,(anonymous_2)
FN:62,(anonymous_3)
FNF:3
FNH:2
FNDA:2,(anonymous_1)
FNDA:0,(anonymous_2)
FNDA:1,(anonymous_3)
DA:1,1
DA:2,1
DA:5,1
DA:9,2
DA:10,2
DA:12,2
DA:22,0
DA:24,0
DA:25,0
DA:35,0
DA:37,0
DA:38,0
DA:40,0
DA:41,0
DA:51,0
DA:54,0
DA:58,0
DA:63,1
LF:18
LH:7
BRDA:13,0,0,2
BRDA:13,0,1,2
BRDA:37,1,0,0
BRDA:54,2,0,0
BRDA:54,2,1,0
BRDA:54,3,0,0
BRDA:54,3,1,0
BRDA:58,4,0,0
BRDA:58,4,1,0
BRDA:58,5,0,0
BRDA:58,5,1,0
BRF:11
BRH:2
end_of_record
TN:
SF:src/providers/gemini.ts
FN:8,(anonymous_1)
FN:20,(anonymous_2)
FN:49,(anonymous_3)
FN:64,(anonymous_4)
FN:80,(anonymous_5)
FNF:5
FNH:0
FNDA:0,(anonymous_1)
FNDA:0,(anonymous_2)
FNDA:0,(anonymous_3)
FNDA:0,(anonymous_4)
FNDA:0,(anonymous_5)
DA:1,1
DA:2,1
DA:5,1
DA:9,0
DA:10,0
DA:12,0
DA:21,0
DA:24,0
DA:26,0
DA:27,0
DA:39,0
DA:40,0
DA:43,0
DA:45,0
DA:50,0
DA:52,0
DA:53,0
DA:56,0
DA:57,0
DA:58,0
DA:64,0
DA:65,0
DA:66,0
DA:70,0
DA:77,0
DA:81,0
LF:26
LH:3
BRDA:13,0,0,0
BRDA:13,0,1,0
BRDA:39,1,0,0
BRDA:39,2,0,0
BRDA:39,2,1,0
BRDA:45,3,0,0
BRDA:45,3,1,0
BRDA:45,4,0,0
BRDA:45,4,1,0
BRDA:53,5,0,0
BRDA:53,5,1,0
BRDA:57,6,0,0
BRDA:57,6,1,0
BRDA:65,7,0,0
BRDA:71,8,0,0
BRDA:71,8,1,0
BRF:16
BRH:0
end_of_record
TN:
SF:src/providers/index.ts
FN:1,(anonymous_0)
FN:2,(anonymous_1)
FN:3,(anonymous_2)
FN:4,(anonymous_3)
FN:5,(anonymous_4)
FN:6,(anonymous_5)
FN:7,(anonymous_6)
FN:8,(anonymous_7)
FN:19,createProvider
FNF:9
FNH:1
FNDA:0,(anonymous_0)
FNDA:0,(anonymous_1)
FNDA:0,(anonymous_2)
FNDA:0,(anonymous_3)
FNDA:0,(anonymous_4)
FNDA:0,(anonymous_5)
FNDA:0,(anonymous_6)
FNDA:0,(anonymous_7)
FNDA:2,createProvider
DA:1,1
DA:2,1
DA:3,1
DA:4,1
DA:5,1
DA:6,1
DA:7,1
DA:8,1
DA:10,1
DA:11,1
DA:12,1
DA:13,1
DA:14,1
DA:15,1
DA:16,1
DA:19,1
DA:20,2
DA:22,2
DA:24,0
DA:26,0
DA:28,0
DA:30,0
DA:32,0
DA:34,0
DA:36,0
LF:25
LH:18
BRDA:20,0,0,2
BRDA:20,0,1,0
BRDA:20,0,2,0
BRDA:20,0,3,0
BRDA:20,0,4,0
BRDA:20,0,5,0
BRDA:20,0,6,0
BRDA:20,0,7,0
BRF:8
BRH:1
end_of_record
TN:
SF:src/providers/mistral.ts
FN:8,(anonymous_1)
FN:21,(anonymous_2)
FN:39,(anonymous_3)
FNF:3
FNH:0
FNDA:0,(anonymous_1)
FNDA:0,(anonymous_2)
FNDA:0,(anonymous_3)
DA:1,1
DA:2,1
DA:5,1
DA:9,0
DA:10,0
DA:12,0
DA:22,0
DA:24,0
DA:25,0
DA:33,0
DA:35,0
DA:40,0
LF:12
LH:3
BRDA:13,0,0,0
BRDA:13,0,1,0
BRDA:35,1,0,0
BRDA:35,1,1,0
BRDA:35,2,0,0
BRDA:35,2,1,0
BRF:6
BRH:0
end_of_record
TN:
SF:src/providers/openai.ts
FN:8,(anonymous_1)
FN:21,(anonymous_2)
FN:41,(anonymous_3)
FNF:3
FNH:0
FNDA:0,(anonymous_1)
FNDA:0,(anonymous_2)
FNDA:0,(anonymous_3)
DA:1,1
DA:2,1
DA:5,1
DA:9,0
DA:10,0
DA:12,0
DA:22,0
DA:24,0
DA:25,0
DA:35,0
DA:37,0
DA:42,0
LF:12
LH:3
BRDA:13,0,0,0
BRDA:13,0,1,0
BRDA:37,1,0,0
BRDA:37,1,1,0
BRDA:37,2,0,0
BRDA:37,2,1,0
BRF:6
BRH:0
end_of_record
